c:\users\yehud\source\repos\project3\project3\release\vc143.pdb
c:\users\yehud\source\repos\project3\project3\release\tile.obj
c:\users\yehud\source\repos\project3\project3\release\texturemanager.obj
c:\users\yehud\source\repos\project3\project3\release\random.obj
c:\users\yehud\source\repos\project3\project3\release\number.obj
c:\users\yehud\source\repos\project3\project3\release\mine.obj
c:\users\yehud\source\repos\project3\project3\release\main.obj
c:\users\yehud\source\repos\project3\project3\release\flag.obj
c:\users\yehud\source\repos\project3\project3\release\counter.obj
c:\users\yehud\source\repos\project3\project3\release\button.obj
c:\users\yehud\source\repos\project3\project3\release\board.obj
c:\users\yehud\source\repos\project3\release\project3.exe
c:\users\yehud\source\repos\project3\project3\release\project3.ipdb
c:\users\yehud\source\repos\project3\project3\release\project3.iobj
c:\users\yehud\source\repos\project3\release\project3.pdb
c:\users\yehud\source\repos\project3\project3\release\project3.obj
c:\users\yehud\source\repos\project3\project3\release\project3.tlog\cl.command.1.tlog
c:\users\yehud\source\repos\project3\project3\release\project3.tlog\cl.read.1.tlog
c:\users\yehud\source\repos\project3\project3\release\project3.tlog\cl.write.1.tlog
c:\users\yehud\source\repos\project3\project3\release\project3.tlog\link.command.1.tlog
c:\users\yehud\source\repos\project3\project3\release\project3.tlog\link.read.1.tlog
c:\users\yehud\source\repos\project3\project3\release\project3.tlog\link.write.1.tlog
